c:\users\anthony\desktop\mysql 2016\source\login-server\debug\vc120.pdb
c:\users\anthony\desktop\mysql 2016\source\login-server\debug\vc120.idb
c:\users\anthony\desktop\mysql 2016\source\login-server\debug\client.obj
c:\users\anthony\desktop\mysql 2016\source\login-server\debug\item.obj
c:\users\anthony\desktop\mysql 2016\source\login-server\debug\partymanager.obj
c:\users\anthony\desktop\mysql 2016\source\login-server\debug\gameserver.obj
c:\users\anthony\desktop\mysql 2016\source\login-server\debug\loginserver.obj
c:\users\anthony\desktop\mysql 2016\source\login-server\debug\main.obj
c:\users\anthony\desktop\mysql 2016\source\login-server\debug\msg.obj
c:\users\anthony\desktop\mysql 2016\source\login-server\debug\xsocket.obj
c:\users\anthony\desktop\mysql 2016\source\debug\login-server.ilk
c:\users\anthony\desktop\mysql 2016\source\debug\login-server.exe
c:\users\anthony\desktop\mysql 2016\source\debug\login-server.pdb
c:\users\anthony\desktop\mysql 2016\source\login-server\debug\resources.res
c:\users\anthony\desktop\mysql 2016\source\login-server\debug\login-server.tlog\cl.command.1.tlog
c:\users\anthony\desktop\mysql 2016\source\login-server\debug\login-server.tlog\cl.read.1.tlog
c:\users\anthony\desktop\mysql 2016\source\login-server\debug\login-server.tlog\cl.write.1.tlog
c:\users\anthony\desktop\mysql 2016\source\login-server\debug\login-server.tlog\link.command.1.tlog
c:\users\anthony\desktop\mysql 2016\source\login-server\debug\login-server.tlog\link.read.1.tlog
c:\users\anthony\desktop\mysql 2016\source\login-server\debug\login-server.tlog\link.write.1.tlog
c:\users\anthony\desktop\mysql 2016\source\login-server\debug\login-server.tlog\rc.command.1.tlog
c:\users\anthony\desktop\mysql 2016\source\login-server\debug\login-server.tlog\rc.read.1.tlog
c:\users\anthony\desktop\mysql 2016\source\login-server\debug\login-server.tlog\rc.write.1.tlog
